                      :-) GROMACS - gmx mdrun, 2022.4 (-:

Copyright 1991-2022 The GROMACS Authors.
GROMACS is free software; you can redistribute it and/or modify it
under the terms of the GNU Lesser General Public License
as published by the Free Software Foundation; either version 2.1
of the License, or (at your option) any later version.

                         Current GROMACS contributors:
       Mark Abraham           Andrey Alekseenko           Cathrine Bergh      
      Christian Blau            Eliane Briand               Kevin Boyd        
     Oliver Fleetwood         Stefan Fleischmann           Vytas Gapsys       
       Gaurav Garg           Gilles Gouaillardet            Alan Gray         
      Victor Holanda           M. Eric Irrgang              Joe Jordan        
    Christoph Junghans        Prashanth Kanduri           Sebastian Kehl      
     Sebastian Keller          Carsten Kutzner           Magnus Lundborg      
       Pascal Merz              Dmitry Morozov             Szilard Pall       
      Roland Schulz             Michael Shirts         David van der Spoel    
     Alessandra Villa      Sebastian Wingbermuehle        Artem Zhmurov       

                         Previous GROMACS contributors:
        Emile Apol             Rossen Apostolov           James Barnett       
  Herman J.C. Berendsen          Par Bjelkmar           Viacheslav Bolnykh    
    Aldert van Buuren          Carlo Camilloni           Rudi van Drunen      
      Anton Feenstra           Gerrit Groenhof            Bert de Groot       
      Anca Hamuraru           Vincent Hindriksen         Aleksei Iupinov      
   Dimitrios Karkoulis           Peter Kasson               Jiri Kraus        
       Per Larsson             Justin A. Lemkul           Viveca Lindahl      
      Erik Marklund           Pieter Meulenhoff           Vedran Miletic      
      Teemu Murtola              Sander Pronk            Alexey Shvetsov      
      Alfons Sijbers            Peter Tieleman             Jon Vincent        
     Teemu Virolainen         Christian Wennberg           Maarten Wolf       

                  Coordinated by the GROMACS project leaders:
                    Paul Bauer, Berk Hess, and Erik Lindahl

GROMACS:      gmx mdrun, version 2022.4
Executable:   /curc/sw/install/gromacs/2022.4/openmpi/4.1.1/gcc/11.2.0/bin/gmx_mpi
Data prefix:  /curc/sw/install/gromacs/2022.4/openmpi/4.1.1/gcc/11.2.0
Working dir:  /projects/cgale@colostate.edu/GMX/Urea_Sims/MatejCluster
Process ID:   4169317
Command line:
  gmx_mpi mdrun -s WaterCluster.min.tpr -deffnm /scratch/alpine/cgale@colostate.edu/Urea/WaterCluster.min

GROMACS version:    2022.4
Precision:          mixed
Memory model:       64 bit
MPI library:        MPI
OpenMP support:     enabled (GMX_OPENMP_MAX_THREADS = 128)
GPU support:        disabled
SIMD instructions:  AVX2_256
CPU FFT library:    fftw-3.3.8-sse2-avx-avx2-avx2_128
GPU FFT library:    none
RDTSCP usage:       enabled
TNG support:        enabled
Hwloc support:      disabled
Tracing support:    disabled
C compiler:         /curc/sw/install/openmpi/4.1.1/gcc/11.2.0/bin/mpicc GNU 11.2.0
C compiler flags:   -mavx2 -mfma -Wno-missing-field-initializers -fexcess-precision=fast -funroll-all-loops -O3 -DNDEBUG
C++ compiler:       /curc/sw/install/openmpi/4.1.1/gcc/11.2.0/bin/mpicxx GNU 11.2.0
C++ compiler flags: -mavx2 -mfma -Wno-missing-field-initializers -fexcess-precision=fast -funroll-all-loops -fopenmp -O3 -DNDEBUG


Running on 1 node with total 32 cores, 32 processing units
Hardware detected on host c3cpu-a5-u11-1.rc.int.colorado.edu (the node of MPI rank 0):
  CPU info:
    Vendor: AMD
    Brand:  AMD EPYC 7713 64-Core Processor                
    Family: 25   Model: 1   Stepping: 1
    Features: aes amd apic avx avx2 clfsh cmov cx8 cx16 f16c fma htt lahf misalignsse mmx msr nonstop_tsc pcid pclmuldq pdpe1gb popcnt pse rdrnd rdtscp sha sse2 sse3 sse4a sse4.1 sse4.2 ssse3 x2apic
  Hardware topology: Basic
    Packages, cores, and logical processors:
    [indices refer to OS logical processors]
      Package  0: [  24] [  25] [  26] [  27] [  28] [  29] [  30] [  31] [  32] [  33] [  34] [  35] [  36] [  37] [  38] [  39] [  40] [  41] [  42] [  43] [  44] [  45] [  46] [  47] [  48] [  49] [  50] [  51] [  52] [  53] [  54] [  55]
    CPU limit set by OS: -1   Recommended max number of threads: 32


++++ PLEASE READ AND CITE THE FOLLOWING REFERENCE ++++
M. J. Abraham, T. Murtola, R. Schulz, S. Páll, J. C. Smith, B. Hess, E.
Lindahl
GROMACS: High performance molecular simulations through multi-level
parallelism from laptops to supercomputers
SoftwareX 1 (2015) pp. 19-25
-------- -------- --- Thank You --- -------- --------


++++ PLEASE READ AND CITE THE FOLLOWING REFERENCE ++++
S. Páll, M. J. Abraham, C. Kutzner, B. Hess, E. Lindahl
Tackling Exascale Software Challenges in Molecular Dynamics Simulations with
GROMACS
In S. Markidis & E. Laure (Eds.), Solving Software Challenges for Exascale 8759 (2015) pp. 3-27
-------- -------- --- Thank You --- -------- --------


++++ PLEASE READ AND CITE THE FOLLOWING REFERENCE ++++
S. Pronk, S. Páll, R. Schulz, P. Larsson, P. Bjelkmar, R. Apostolov, M. R.
Shirts, J. C. Smith, P. M. Kasson, D. van der Spoel, B. Hess, and E. Lindahl
GROMACS 4.5: a high-throughput and highly parallel open source molecular
simulation toolkit
Bioinformatics 29 (2013) pp. 845-54
-------- -------- --- Thank You --- -------- --------


++++ PLEASE READ AND CITE THE FOLLOWING REFERENCE ++++
B. Hess and C. Kutzner and D. van der Spoel and E. Lindahl
GROMACS 4: Algorithms for highly efficient, load-balanced, and scalable
molecular simulation
J. Chem. Theory Comput. 4 (2008) pp. 435-447
-------- -------- --- Thank You --- -------- --------


++++ PLEASE READ AND CITE THE FOLLOWING REFERENCE ++++
D. van der Spoel, E. Lindahl, B. Hess, G. Groenhof, A. E. Mark and H. J. C.
Berendsen
GROMACS: Fast, Flexible and Free
J. Comp. Chem. 26 (2005) pp. 1701-1719
-------- -------- --- Thank You --- -------- --------


++++ PLEASE READ AND CITE THE FOLLOWING REFERENCE ++++
E. Lindahl and B. Hess and D. van der Spoel
GROMACS 3.0: A package for molecular simulation and trajectory analysis
J. Mol. Mod. 7 (2001) pp. 306-317
-------- -------- --- Thank You --- -------- --------


++++ PLEASE READ AND CITE THE FOLLOWING REFERENCE ++++
H. J. C. Berendsen, D. van der Spoel and R. van Drunen
GROMACS: A message-passing parallel molecular dynamics implementation
Comp. Phys. Comm. 91 (1995) pp. 43-56
-------- -------- --- Thank You --- -------- --------


++++ PLEASE CITE THE DOI FOR THIS VERSION OF GROMACS ++++
https://doi.org/10.5281/zenodo.7323393
-------- -------- --- Thank You --- -------- --------


The number of OpenMP threads was set by environment variable OMP_NUM_THREADS to 2

Input Parameters:
   integrator                     = steep
   tinit                          = 0
   dt                             = 0.001
   nsteps                         = -1
   init-step                      = 0
   simulation-part                = 1
   mts                            = false
   comm-mode                      = Linear
   nstcomm                        = 100
   bd-fric                        = 0
   ld-seed                        = -1816152405
   emtol                          = 1
   emstep                         = 0.05
   niter                          = 20
   fcstep                         = 0
   nstcgsteep                     = 1000
   nbfgscorr                      = 10
   rtpi                           = 0.05
   nstxout                        = 0
   nstvout                        = 0
   nstfout                        = 0
   nstlog                         = 1000
   nstcalcenergy                  = 100
   nstenergy                      = 1000
   nstxout-compressed             = 0
   compressed-x-precision         = 1000
   cutoff-scheme                  = Verlet
   nstlist                        = 5
   pbc                            = xyz
   periodic-molecules             = false
   verlet-buffer-tolerance        = 0.005
   rlist                          = 1.47
   coulombtype                    = Cut-off
   coulomb-modifier               = Potential-shift
   rcoulomb-switch                = 0
   rcoulomb                       = 1.4
   epsilon-r                      = 1
   epsilon-rf                     = inf
   vdw-type                       = Cut-off
   vdw-modifier                   = Potential-shift
   rvdw-switch                    = 0
   rvdw                           = 1.4
   DispCorr                       = No
   table-extension                = 1
   fourierspacing                 = 0.12
   fourier-nx                     = 0
   fourier-ny                     = 0
   fourier-nz                     = 0
   pme-order                      = 4
   ewald-rtol                     = 1e-05
   ewald-rtol-lj                  = 0.001
   lj-pme-comb-rule               = Geometric
   ewald-geometry                 = 3d
   epsilon-surface                = 0
   tcoupl                         = No
   nsttcouple                     = -1
   nh-chain-length                = 0
   print-nose-hoover-chain-variables = false
   pcoupl                         = No
   pcoupltype                     = Isotropic
   nstpcouple                     = -1
   tau-p                          = 1
   compressibility (3x3):
      compressibility[    0]={ 0.00000e+00,  0.00000e+00,  0.00000e+00}
      compressibility[    1]={ 0.00000e+00,  0.00000e+00,  0.00000e+00}
      compressibility[    2]={ 0.00000e+00,  0.00000e+00,  0.00000e+00}
   ref-p (3x3):
      ref-p[    0]={ 0.00000e+00,  0.00000e+00,  0.00000e+00}
      ref-p[    1]={ 0.00000e+00,  0.00000e+00,  0.00000e+00}
      ref-p[    2]={ 0.00000e+00,  0.00000e+00,  0.00000e+00}
   refcoord-scaling               = No
   posres-com (3):
      posres-com[0]= 0.00000e+00
      posres-com[1]= 0.00000e+00
      posres-com[2]= 0.00000e+00
   posres-comB (3):
      posres-comB[0]= 0.00000e+00
      posres-comB[1]= 0.00000e+00
      posres-comB[2]= 0.00000e+00
   QMMM                           = false
qm-opts:
   ngQM                           = 0
   constraint-algorithm           = Lincs
   continuation                   = false
   Shake-SOR                      = false
   shake-tol                      = 0.0001
   lincs-order                    = 4
   lincs-iter                     = 1
   lincs-warnangle                = 30
   nwall                          = 0
   wall-type                      = 9-3
   wall-r-linpot                  = -1
   wall-atomtype[0]               = -1
   wall-atomtype[1]               = -1
   wall-density[0]                = 0
   wall-density[1]                = 0
   wall-ewald-zfac                = 3
   pull                           = false
   awh                            = false
   rotation                       = false
   interactiveMD                  = false
   disre                          = No
   disre-weighting                = Conservative
   disre-mixed                    = false
   dr-fc                          = 1000
   dr-tau                         = 0
   nstdisreout                    = 100
   orire-fc                       = 0
   orire-tau                      = 0
   nstorireout                    = 100
   free-energy                    = no
   cos-acceleration               = 0
   deform (3x3):
      deform[    0]={ 0.00000e+00,  0.00000e+00,  0.00000e+00}
      deform[    1]={ 0.00000e+00,  0.00000e+00,  0.00000e+00}
      deform[    2]={ 0.00000e+00,  0.00000e+00,  0.00000e+00}
   simulated-tempering            = false
   swapcoords                     = no
   userint1                       = 0
   userint2                       = 0
   userint3                       = 0
   userint4                       = 0
   userreal1                      = 0
   userreal2                      = 0
   userreal3                      = 0
   userreal4                      = 0
   applied-forces:
     electric-field:
       x:
         E0                       = 0
         omega                    = 0
         t0                       = 0
         sigma                    = 0
       y:
         E0                       = 0
         omega                    = 0
         t0                       = 0
         sigma                    = 0
       z:
         E0                       = 0
         omega                    = 0
         t0                       = 0
         sigma                    = 0
     density-guided-simulation:
       active                     = false
       group                      = protein
       similarity-measure         = inner-product
       atom-spreading-weight      = unity
       force-constant             = 1e+09
       gaussian-transform-spreading-width = 0.2
       gaussian-transform-spreading-range-in-multiples-of-width = 4
       reference-density-filename = reference.mrc
       nst                        = 1
       normalize-densities        = true
       adaptive-force-scaling     = false
       adaptive-force-scaling-time-constant = 4
       shift-vector               = 
       transformation-matrix      = 
     qmmm-cp2k:
       active                     = false
       qmgroup                    = System
       qmmethod                   = PBE
       qmfilenames                = 
       qmcharge                   = 0
       qmmultiplicity             = 1
grpopts:
   nrdf:          96
   ref-t:           0
   tau-t:           0
annealing:          No
annealing-npoints:           0
   acc:	           0           0           0
   nfreeze:           N           N           N
   energygrp-flags[  0]: 0

When checking whether update groups are usable:
  The combination of rlist and box size prohibits the use of update groups

Initializing Domain Decomposition on 16 ranks
NOTE: disabling dynamic load balancing as it is only supported with dynamics, not with integrator 'steep'.
Dynamic load balancing: off
Minimum cell size due to atom displacement: 0.070 nm
Minimum cell size due to bonded interactions: 0.000 nm
The system does not use PME for electrostatics or LJ
Optimizing the DD grid for 16 cells with a minimum initial size of 0.070 nm
The maximum allowed number of cells is: X 42 Y 42 Z 42
Domain decomposition grid 4 x 4 x 1, separate PME ranks 0
Domain decomposition rank 0, coordinates 0 0 0

The initial number of communication pulses is: X 2 Y 2
The initial domain decomposition cell size is: X 0.75 nm Y 0.75 nm

The maximum allowed distance for atoms involved in interactions is:
                 non-bonded interactions           1.470 nm
            two-body bonded interactions  (-rdd)   1.470 nm
          multi-body bonded interactions  (-rdd)   0.750 nm
  atoms separated by up to 5 constraints  (-rcon)  0.750 nm

Using 16 MPI processes

Non-default thread affinity set, disabling internal thread affinity

Using 2 OpenMP threads per MPI process

System total charge: 1.000
Potential shift: LJ r^-12: -1.764e-02 r^-6: -1.328e-01, Coulomb -7e-01


Using SIMD 4x8 nonbonded short-range kernels

Using a 4x8 pair-list setup:
  updated every 5 steps, buffer 0.070 nm, rlist 1.470 nm

Using Lorentz-Berthelot Lennard-Jones combination rule
Removing pbc first time

Linking all bonded interactions to atoms


++++ PLEASE READ AND CITE THE FOLLOWING REFERENCE ++++
S. Miyamoto and P. A. Kollman
SETTLE: An Analytical Version of the SHAKE and RATTLE Algorithms for Rigid
Water Models
J. Comp. Chem. 13 (1992) pp. 952-962
-------- -------- --- Thank You --- -------- --------


Note that activating steepest-descent energy minimization via the integrator .mdp option and the command gmx mdrun may be available in a different form in a future version of GROMACS, e.g. gmx minimize and an .mdp option.
Initiating Steepest Descents

Atom distribution over 16 domains: av 3 stddev 6 min 0 max 20
Started Steepest Descents on rank 0 Fri Jul 12 03:07:06 2024


Steepest Descents:
   Tolerance (Fmax)   =  1.00000e+00
   Number of steps    =           -1
           Step           Time
              0        0.00000

   Energies (kJ/mol)
        LJ (SR)   Coulomb (SR)      Potential Pressure (bar)
    3.73615e+01   -1.54693e+02   -1.17331e+02    1.37799e+02


step 1: One or more water molecules can not be settled.
Check for bad contacts and/or reduce the timestep if appropriate.
Wrote pdb files with previous and current coordinates
           Step           Time
              1        1.00000

           Step           Time
              2        2.00000

   Energies (kJ/mol)
        LJ (SR)   Coulomb (SR)      Potential Pressure (bar)
    1.92068e+00   -2.36996e+02   -2.35076e+02   -5.07356e+00


DD  step 2 load imb.: force 26.3%
           Step           Time
              3        3.00000

   Energies (kJ/mol)
        LJ (SR)   Coulomb (SR)      Potential Pressure (bar)
   -2.90379e+00   -3.27660e+02   -3.30564e+02   -5.76557e+01

           Step           Time
              4        4.00000

   Energies (kJ/mol)
        LJ (SR)   Coulomb (SR)      Potential Pressure (bar)
    9.69903e+00   -3.96179e+02   -3.86480e+02   -4.37350e+01

           Step           Time
              5        5.00000

   Energies (kJ/mol)
        LJ (SR)   Coulomb (SR)      Potential Pressure (bar)
    4.27957e+00   -4.05958e+02   -4.01678e+02   -5.41140e+01


step 6: One or more water molecules can not be settled.
Check for bad contacts and/or reduce the timestep if appropriate.
Wrote pdb files with previous and current coordinates
           Step           Time
              6        6.00000

           Step           Time
              7        7.00000

   Energies (kJ/mol)
        LJ (SR)   Coulomb (SR)      Potential Pressure (bar)
    6.16352e+00   -4.57449e+02   -4.51285e+02   -7.01143e+01

           Step           Time
              8        8.00000

   Energies (kJ/mol)
        LJ (SR)   Coulomb (SR)      Potential Pressure (bar)
    3.13700e+01   -5.14537e+02   -4.83168e+02   -1.51055e+01

           Step           Time
              9        9.00000

   Energies (kJ/mol)
        LJ (SR)   Coulomb (SR)      Potential Pressure (bar)
    1.63907e+01   -5.05380e+02   -4.88989e+02   -5.23196e+01


step 10: One or more water molecules can not be settled.
Check for bad contacts and/or reduce the timestep if appropriate.
Wrote pdb files with previous and current coordinates
           Step           Time
             10       10.00000

           Step           Time
             11       11.00000

   Energies (kJ/mol)
        LJ (SR)   Coulomb (SR)      Potential Pressure (bar)
    2.07478e+01   -5.48934e+02   -5.28186e+02   -5.57073e+01

           Step           Time
             12       12.00000

   Energies (kJ/mol)
        LJ (SR)   Coulomb (SR)      Potential Pressure (bar)
    4.42807e+01   -5.97736e+02   -5.53455e+02   -2.73622e+00

           Step           Time
             13       13.00000

   Energies (kJ/mol)
        LJ (SR)   Coulomb (SR)      Potential Pressure (bar)
    3.51434e+01   -5.97711e+02   -5.62568e+02   -2.90475e+01


step 14: One or more water molecules can not be settled.
Check for bad contacts and/or reduce the timestep if appropriate.
Wrote pdb files with previous and current coordinates
           Step           Time
             14       14.00000

           Step           Time
             15       15.00000

   Energies (kJ/mol)
        LJ (SR)   Coulomb (SR)      Potential Pressure (bar)
    4.07072e+01   -6.30239e+02   -5.89532e+02   -2.36409e+01

           Step           Time
             16       16.00000

   Energies (kJ/mol)
        LJ (SR)   Coulomb (SR)      Potential Pressure (bar)
    6.05266e+01   -6.68162e+02   -6.07636e+02    2.21257e+01

           Step           Time
             17       17.00000

   Energies (kJ/mol)
        LJ (SR)   Coulomb (SR)      Potential Pressure (bar)
    5.79952e+01   -6.78606e+02   -6.20611e+02    1.14429e+01

           Step           Time
             18       18.00000

   Energies (kJ/mol)
        LJ (SR)   Coulomb (SR)      Potential Pressure (bar)
    8.59311e+01   -7.16802e+02   -6.30871e+02    7.91521e+01

           Step           Time
             19       19.00000

           Step           Time
             20       20.00000

   Energies (kJ/mol)
        LJ (SR)   Coulomb (SR)      Potential Pressure (bar)
    6.67621e+01   -7.12773e+02   -6.46011e+02    2.76097e+01

           Step           Time
             21       21.00000

   Energies (kJ/mol)
        LJ (SR)   Coulomb (SR)      Potential Pressure (bar)
    9.95932e+01   -7.52584e+02   -6.52991e+02    1.07099e+02

           Step           Time
             22       22.00000

   Energies (kJ/mol)
        LJ (SR)   Coulomb (SR)      Potential Pressure (bar)
    8.31451e+01   -7.39656e+02   -6.56511e+02    6.56193e+01

           Step           Time
             23       23.00000

   Energies (kJ/mol)
        LJ (SR)   Coulomb (SR)      Potential Pressure (bar)
    1.12584e+02   -7.72963e+02   -6.60379e+02    1.36265e+02

           Step           Time
             24       24.00000

           Step           Time
             25       25.00000

   Energies (kJ/mol)
        LJ (SR)   Coulomb (SR)      Potential Pressure (bar)
    8.84867e+01   -7.60692e+02   -6.72205e+02    7.34347e+01

           Step           Time
             26       26.00000

           Step           Time
             27       27.00000

   Energies (kJ/mol)
        LJ (SR)   Coulomb (SR)      Potential Pressure (bar)
    1.03161e+02   -7.80420e+02   -6.77260e+02    1.09733e+02

           Step           Time
             28       28.00000

   Energies (kJ/mol)
        LJ (SR)   Coulomb (SR)      Potential Pressure (bar)
    9.49468e+01   -7.73774e+02   -6.78827e+02    8.75297e+01

           Step           Time
             29       29.00000

   Energies (kJ/mol)
        LJ (SR)   Coulomb (SR)      Potential Pressure (bar)
    1.10993e+02   -7.92495e+02   -6.81502e+02    1.27373e+02

           Step           Time
             30       30.00000

           Step           Time
             31       31.00000

   Energies (kJ/mol)
        LJ (SR)   Coulomb (SR)      Potential Pressure (bar)
    1.01303e+02   -7.87365e+02   -6.86061e+02    1.01793e+02

           Step           Time
             32       32.00000

   Energies (kJ/mol)
        LJ (SR)   Coulomb (SR)      Potential Pressure (bar)
    1.17377e+02   -8.03953e+02   -6.86576e+02    1.41305e+02

           Step           Time
             33       33.00000

   Energies (kJ/mol)
        LJ (SR)   Coulomb (SR)      Potential Pressure (bar)
    1.06803e+02   -7.95070e+02   -6.88267e+02    1.14390e+02

           Step           Time
             34       34.00000

           Step           Time
             35       35.00000

   Energies (kJ/mol)
        LJ (SR)   Coulomb (SR)      Potential Pressure (bar)
    1.10252e+02   -8.01676e+02   -6.91424e+02    1.22428e+02

           Step           Time
             36       36.00000

           Step           Time
             37       37.00000

   Energies (kJ/mol)
        LJ (SR)   Coulomb (SR)      Potential Pressure (bar)
    1.13912e+02   -8.06740e+02   -6.92828e+02    1.31345e+02

           Step           Time
             38       38.00000

   Energies (kJ/mol)
        LJ (SR)   Coulomb (SR)      Potential Pressure (bar)
    1.16399e+02   -8.10282e+02   -6.93883e+02    1.37076e+02

           Step           Time
             39       39.00000

           Step           Time
             40       40.00000

   Energies (kJ/mol)
        LJ (SR)   Coulomb (SR)      Potential Pressure (bar)
    1.14577e+02   -8.09406e+02   -6.94830e+02    1.32357e+02

           Step           Time
             41       41.00000

   Energies (kJ/mol)
        LJ (SR)   Coulomb (SR)      Potential Pressure (bar)
    1.17957e+02   -8.13559e+02   -6.95602e+02    1.40434e+02

           Step           Time
             42       42.00000

   Energies (kJ/mol)
        LJ (SR)   Coulomb (SR)      Potential Pressure (bar)
    1.15471e+02   -8.11577e+02   -6.96105e+02    1.34196e+02

           Step           Time
             43       43.00000

   Energies (kJ/mol)
        LJ (SR)   Coulomb (SR)      Potential Pressure (bar)
    1.18992e+02   -8.15712e+02   -6.96720e+02    1.42629e+02

           Step           Time
             44       44.00000

           Step           Time
             45       45.00000

   Energies (kJ/mol)
        LJ (SR)   Coulomb (SR)      Potential Pressure (bar)
    1.16635e+02   -8.14181e+02   -6.97545e+02    1.36686e+02

           Step           Time
             46       46.00000

   Energies (kJ/mol)
        LJ (SR)   Coulomb (SR)      Potential Pressure (bar)
    1.20310e+02   -8.18528e+02   -6.98218e+02    1.45475e+02

           Step           Time
             47       47.00000

   Energies (kJ/mol)
        LJ (SR)   Coulomb (SR)      Potential Pressure (bar)
    1.16805e+02   -8.15516e+02   -6.98711e+02    1.36753e+02

           Step           Time
             48       48.00000

   Energies (kJ/mol)
        LJ (SR)   Coulomb (SR)      Potential Pressure (bar)
    1.21182e+02   -8.20318e+02   -6.99135e+02    1.47270e+02

           Step           Time
             49       49.00000

   Energies (kJ/mol)
        LJ (SR)   Coulomb (SR)      Potential Pressure (bar)
    1.16367e+02   -8.15562e+02   -6.99195e+02    1.35438e+02

           Step           Time
             50       50.00000

   Energies (kJ/mol)
        LJ (SR)   Coulomb (SR)      Potential Pressure (bar)
    1.22682e+02   -8.22438e+02   -6.99756e+02    1.50618e+02

           Step           Time
             51       51.00000

           Step           Time
             52       52.00000

   Energies (kJ/mol)
        LJ (SR)   Coulomb (SR)      Potential Pressure (bar)
    1.17541e+02   -8.18758e+02   -7.01217e+02    1.37771e+02

           Step           Time
             53       53.00000

   Energies (kJ/mol)
        LJ (SR)   Coulomb (SR)      Potential Pressure (bar)
    1.24761e+02   -8.26069e+02   -7.01308e+02    1.55268e+02

           Step           Time
             54       54.00000

   Energies (kJ/mol)
        LJ (SR)   Coulomb (SR)      Potential Pressure (bar)
    1.17334e+02   -8.19762e+02   -7.02428e+02    1.36895e+02

           Step           Time
             55       55.00000

           Step           Time
             56       56.00000

   Energies (kJ/mol)
        LJ (SR)   Coulomb (SR)      Potential Pressure (bar)
    1.20654e+02   -8.24130e+02   -7.03476e+02    1.44704e+02

           Step           Time
             57       57.00000

   Energies (kJ/mol)
        LJ (SR)   Coulomb (SR)      Potential Pressure (bar)
    1.17023e+02   -8.20713e+02   -7.03690e+02    1.35713e+02

           Step           Time
             58       58.00000

   Energies (kJ/mol)
        LJ (SR)   Coulomb (SR)      Potential Pressure (bar)
    1.22166e+02   -8.27476e+02   -7.05310e+02    1.47850e+02

           Step           Time
             59       59.00000

           Step           Time
             60       60.00000

   Energies (kJ/mol)
        LJ (SR)   Coulomb (SR)      Potential Pressure (bar)
    1.18406e+02   -8.24432e+02   -7.06026e+02    1.38453e+02

           Step           Time
             61       61.00000

   Energies (kJ/mol)
        LJ (SR)   Coulomb (SR)      Potential Pressure (bar)
    1.23153e+02   -8.29816e+02   -7.06663e+02    1.49861e+02

           Step           Time
             62       62.00000

   Energies (kJ/mol)
        LJ (SR)   Coulomb (SR)      Potential Pressure (bar)
    1.18162e+02   -8.25433e+02   -7.07271e+02    1.37509e+02

           Step           Time
             63       63.00000

   Energies (kJ/mol)
        LJ (SR)   Coulomb (SR)      Potential Pressure (bar)
    1.24817e+02   -8.32706e+02   -7.07888e+02    1.53511e+02

           Step           Time
             64       64.00000

   Energies (kJ/mol)
        LJ (SR)   Coulomb (SR)      Potential Pressure (bar)
    1.17992e+02   -8.26196e+02   -7.08204e+02    1.36801e+02

           Step           Time
             65       65.00000

   Energies (kJ/mol)
        LJ (SR)   Coulomb (SR)      Potential Pressure (bar)
    1.27512e+02   -8.36176e+02   -7.08664e+02    1.59744e+02

           Step           Time
             66       66.00000

           Step           Time
             67       67.00000

   Energies (kJ/mol)
        LJ (SR)   Coulomb (SR)      Potential Pressure (bar)
    1.20360e+02   -8.31554e+02   -7.11194e+02    1.41817e+02

           Step           Time
             68       68.00000

   Energies (kJ/mol)
        LJ (SR)   Coulomb (SR)      Potential Pressure (bar)
    1.28217e+02   -8.40390e+02   -7.12173e+02    1.60679e+02

           Step           Time
             69       69.00000

   Energies (kJ/mol)
        LJ (SR)   Coulomb (SR)      Potential Pressure (bar)
    1.20650e+02   -8.34730e+02   -7.14080e+02    1.42178e+02

           Step           Time
             70       70.00000

           Step           Time
             71       71.00000

   Energies (kJ/mol)
        LJ (SR)   Coulomb (SR)      Potential Pressure (bar)
    1.25000e+02   -8.40163e+02   -7.15162e+02    1.52389e+02

           Step           Time
             72       72.00000

   Energies (kJ/mol)
        LJ (SR)   Coulomb (SR)      Potential Pressure (bar)
    1.21528e+02   -8.36840e+02   -7.15312e+02    1.44186e+02

           Step           Time
             73       73.00000

   Energies (kJ/mol)
        LJ (SR)   Coulomb (SR)      Potential Pressure (bar)
    1.28078e+02   -8.44645e+02   -7.16567e+02    1.59774e+02

           Step           Time
             74       74.00000

           Step           Time
             75       75.00000

   Energies (kJ/mol)
        LJ (SR)   Coulomb (SR)      Potential Pressure (bar)
    1.24013e+02   -8.41510e+02   -7.17497e+02    1.49791e+02

           Step           Time
             76       76.00000

   Energies (kJ/mol)
        LJ (SR)   Coulomb (SR)      Potential Pressure (bar)
    1.30331e+02   -8.47930e+02   -7.17599e+02    1.65271e+02

           Step           Time
             77       77.00000

   Energies (kJ/mol)
        LJ (SR)   Coulomb (SR)      Potential Pressure (bar)
    1.25027e+02   -8.43331e+02   -7.18304e+02    1.52381e+02

           Step           Time
             78       78.00000

           Step           Time
             79       79.00000

   Energies (kJ/mol)
        LJ (SR)   Coulomb (SR)      Potential Pressure (bar)
    1.28088e+02   -8.47204e+02   -7.19115e+02    1.59627e+02

           Step           Time
             80       80.00000

           Step           Time
             81       81.00000

   Energies (kJ/mol)
        LJ (SR)   Coulomb (SR)      Potential Pressure (bar)
    1.26816e+02   -8.46296e+02   -7.19481e+02    1.56608e+02

           Step           Time
             82       82.00000

   Energies (kJ/mol)
        LJ (SR)   Coulomb (SR)      Potential Pressure (bar)
    1.29567e+02   -8.49416e+02   -7.19849e+02    1.63251e+02

           Step           Time
             83       83.00000

   Energies (kJ/mol)
        LJ (SR)   Coulomb (SR)      Potential Pressure (bar)
    1.27485e+02   -8.47406e+02   -7.19921e+02    1.58254e+02

           Step           Time
             84       84.00000

   Energies (kJ/mol)
        LJ (SR)   Coulomb (SR)      Potential Pressure (bar)
    1.30997e+02   -8.51365e+02   -7.20368e+02    1.66670e+02

           Step           Time
             85       85.00000

           Step           Time
             86       86.00000

   Energies (kJ/mol)
        LJ (SR)   Coulomb (SR)      Potential Pressure (bar)
    1.28911e+02   -8.49572e+02   -7.20661e+02    1.61566e+02

           Step           Time
             87       87.00000

   Energies (kJ/mol)
        LJ (SR)   Coulomb (SR)      Potential Pressure (bar)
    1.31670e+02   -8.52467e+02   -7.20797e+02    1.68215e+02

           Step           Time
             88       88.00000

   Energies (kJ/mol)
        LJ (SR)   Coulomb (SR)      Potential Pressure (bar)
    1.28888e+02   -8.49870e+02   -7.20981e+02    1.61468e+02

           Step           Time
             89       89.00000

   Energies (kJ/mol)
        LJ (SR)   Coulomb (SR)      Potential Pressure (bar)
    1.32567e+02   -8.53624e+02   -7.21057e+02    1.70290e+02

           Step           Time
             90       90.00000

           Step           Time
             91       91.00000

   Energies (kJ/mol)
        LJ (SR)   Coulomb (SR)      Potential Pressure (bar)
    1.30171e+02   -8.51689e+02   -7.21518e+02    1.64411e+02

           Step           Time
             92       92.00000

   Energies (kJ/mol)
        LJ (SR)   Coulomb (SR)      Potential Pressure (bar)
    1.32578e+02   -8.54429e+02   -7.21850e+02    1.70074e+02

           Step           Time
             93       93.00000

   Energies (kJ/mol)
        LJ (SR)   Coulomb (SR)      Potential Pressure (bar)
    1.29814e+02   -8.51895e+02   -7.22080e+02    1.63424e+02

           Step           Time
             94       94.00000

           Step           Time
             95       95.00000

   Energies (kJ/mol)
        LJ (SR)   Coulomb (SR)      Potential Pressure (bar)
    1.31337e+02   -8.53677e+02   -7.22340e+02    1.66964e+02

           Step           Time
             96       96.00000

   Energies (kJ/mol)
        LJ (SR)   Coulomb (SR)      Potential Pressure (bar)
    1.29608e+02   -8.52057e+02   -7.22450e+02    1.62737e+02

           Step           Time
             97       97.00000

   Energies (kJ/mol)
        LJ (SR)   Coulomb (SR)      Potential Pressure (bar)
    1.31887e+02   -8.54749e+02   -7.22862e+02    1.68083e+02

           Step           Time
             98       98.00000

           Step           Time
             99       99.00000

   Energies (kJ/mol)
        LJ (SR)   Coulomb (SR)      Potential Pressure (bar)
    1.30377e+02   -8.53356e+02   -7.22979e+02    1.64398e+02

           Step           Time
            100      100.00000

   Energies (kJ/mol)
        LJ (SR)   Coulomb (SR)      Potential Pressure (bar)
    1.32125e+02   -8.55265e+02   -7.23140e+02    1.68537e+02

           Step           Time
            101      101.00000

   Energies (kJ/mol)
        LJ (SR)   Coulomb (SR)      Potential Pressure (bar)
    1.30096e+02   -8.53252e+02   -7.23156e+02    1.63634e+02

           Step           Time
            102      102.00000

   Energies (kJ/mol)
        LJ (SR)   Coulomb (SR)      Potential Pressure (bar)
    1.32520e+02   -8.55917e+02   -7.23397e+02    1.69356e+02

           Step           Time
            103      103.00000

           Step           Time
            104      104.00000

   Energies (kJ/mol)
        LJ (SR)   Coulomb (SR)      Potential Pressure (bar)
    1.30860e+02   -8.54440e+02   -7.23580e+02    1.65316e+02

           Step           Time
            105      105.00000

   Energies (kJ/mol)
        LJ (SR)   Coulomb (SR)      Potential Pressure (bar)
    1.32650e+02   -8.56320e+02   -7.23671e+02    1.69544e+02

           Step           Time
            106      106.00000

   Energies (kJ/mol)
        LJ (SR)   Coulomb (SR)      Potential Pressure (bar)
    1.30483e+02   -8.54265e+02   -7.23782e+02    1.64319e+02

           Step           Time
            107      107.00000

   Energies (kJ/mol)
        LJ (SR)   Coulomb (SR)      Potential Pressure (bar)
    1.33040e+02   -8.56906e+02   -7.23866e+02    1.70367e+02

           Step           Time
            108      108.00000

           Step           Time
            109      109.00000

   Energies (kJ/mol)
        LJ (SR)   Coulomb (SR)      Potential Pressure (bar)
    1.31272e+02   -8.55412e+02   -7.24140e+02    1.66066e+02

           Step           Time
            110      110.00000

   Energies (kJ/mol)
        LJ (SR)   Coulomb (SR)      Potential Pressure (bar)
    1.32920e+02   -8.57235e+02   -7.24315e+02    1.69884e+02

           Step           Time
            111      111.00000

   Energies (kJ/mol)
        LJ (SR)   Coulomb (SR)      Potential Pressure (bar)
    1.30748e+02   -8.55222e+02   -7.24474e+02    1.64674e+02

           Step           Time
            112      112.00000

   Energies (kJ/mol)
        LJ (SR)   Coulomb (SR)      Potential Pressure (bar)
    1.33355e+02   -8.57845e+02   -7.24490e+02    1.70814e+02

           Step           Time
            113      113.00000

   Energies (kJ/mol)
        LJ (SR)   Coulomb (SR)      Potential Pressure (bar)
    1.30307e+02   -8.54828e+02   -7.24521e+02    1.63552e+02

           Step           Time
            114      114.00000

   Energies (kJ/mol)
        LJ (SR)   Coulomb (SR)      Potential Pressure (bar)
    1.33997e+02   -8.58555e+02   -7.24558e+02    1.72255e+02

           Step           Time
            115      115.00000

           Step           Time
            116      116.00000

   Energies (kJ/mol)
        LJ (SR)   Coulomb (SR)      Potential Pressure (bar)
    1.31307e+02   -8.56352e+02   -7.25046e+02    1.65722e+02

           Step           Time
            117      117.00000

           Step           Time
            118      118.00000

   Energies (kJ/mol)
        LJ (SR)   Coulomb (SR)      Potential Pressure (bar)
    1.32461e+02   -8.57628e+02   -7.25167e+02    1.68402e+02

           Step           Time
            119      119.00000

   Energies (kJ/mol)
        LJ (SR)   Coulomb (SR)      Potential Pressure (bar)
    1.30929e+02   -8.56194e+02   -7.25265e+02    1.64745e+02

           Step           Time
            120      120.00000

   Energies (kJ/mol)
        LJ (SR)   Coulomb (SR)      Potential Pressure (bar)
    1.32730e+02   -8.58107e+02   -7.25377e+02    1.68945e+02

           Step           Time
            121      121.00000

           Step           Time
            122      122.00000

   Energies (kJ/mol)
        LJ (SR)   Coulomb (SR)      Potential Pressure (bar)
    1.31477e+02   -8.57015e+02   -7.25538e+02    1.65926e+02

           Step           Time
            123      123.00000

   Energies (kJ/mol)
        LJ (SR)   Coulomb (SR)      Potential Pressure (bar)
    1.32716e+02   -8.58394e+02   -7.25678e+02    1.68789e+02

           Step           Time
            124      124.00000

   Energies (kJ/mol)
        LJ (SR)   Coulomb (SR)      Potential Pressure (bar)
    1.31076e+02   -8.56860e+02   -7.25784e+02    1.64864e+02

           Step           Time
            125      125.00000

   Energies (kJ/mol)
        LJ (SR)   Coulomb (SR)      Potential Pressure (bar)
    1.32938e+02   -8.58815e+02   -7.25878e+02    1.69214e+02

           Step           Time
            126      126.00000

           Step           Time
            127      127.00000

   Energies (kJ/mol)
        LJ (SR)   Coulomb (SR)      Potential Pressure (bar)
    1.31632e+02   -8.57685e+02   -7.26053e+02    1.66066e+02

           Step           Time
            128      128.00000

   Energies (kJ/mol)
        LJ (SR)   Coulomb (SR)      Potential Pressure (bar)
    1.32855e+02   -8.59061e+02   -7.26207e+02    1.68876e+02

           Step           Time
            129      129.00000

   Energies (kJ/mol)
        LJ (SR)   Coulomb (SR)      Potential Pressure (bar)
    1.31187e+02   -8.57499e+02   -7.26313e+02    1.64893e+02

           Step           Time
            130      130.00000

   Energies (kJ/mol)
        LJ (SR)   Coulomb (SR)      Potential Pressure (bar)
    1.33077e+02   -8.59472e+02   -7.26395e+02    1.69301e+02

           Step           Time
            131      131.00000

           Step           Time
            132      132.00000

   Energies (kJ/mol)
        LJ (SR)   Coulomb (SR)      Potential Pressure (bar)
    1.31739e+02   -8.58318e+02   -7.26579e+02    1.66082e+02

           Step           Time
            133      133.00000

   Energies (kJ/mol)
        LJ (SR)   Coulomb (SR)      Potential Pressure (bar)
    1.32968e+02   -8.59701e+02   -7.26733e+02    1.68898e+02

           Step           Time
            134      134.00000

   Energies (kJ/mol)
        LJ (SR)   Coulomb (SR)      Potential Pressure (bar)
    1.31271e+02   -8.58109e+02   -7.26839e+02    1.64856e+02

           Step           Time
            135      135.00000

   Energies (kJ/mol)
        LJ (SR)   Coulomb (SR)      Potential Pressure (bar)
    1.33193e+02   -8.60105e+02   -7.26912e+02    1.69332e+02

           Step           Time
            136      136.00000

           Step           Time
            137      137.00000

   Energies (kJ/mol)
        LJ (SR)   Coulomb (SR)      Potential Pressure (bar)
    1.31824e+02   -8.58927e+02   -7.27103e+02    1.66043e+02

           Step           Time
            138      138.00000

   Energies (kJ/mol)
        LJ (SR)   Coulomb (SR)      Potential Pressure (bar)
    1.33069e+02   -8.60321e+02   -7.27253e+02    1.68891e+02

           Step           Time
            139      139.00000

   Energies (kJ/mol)
        LJ (SR)   Coulomb (SR)      Potential Pressure (bar)
    1.31342e+02   -8.58703e+02   -7.27361e+02    1.64790e+02

           Step           Time
            140      140.00000

   Energies (kJ/mol)
        LJ (SR)   Coulomb (SR)      Potential Pressure (bar)
    1.33300e+02   -8.60723e+02   -7.27423e+02    1.69341e+02

           Step           Time
            141      141.00000

           Step           Time
            142      142.00000

   Energies (kJ/mol)
        LJ (SR)   Coulomb (SR)      Potential Pressure (bar)
    1.31898e+02   -8.59521e+02   -7.27623e+02    1.65981e+02

           Step           Time
            143      143.00000

   Energies (kJ/mol)
        LJ (SR)   Coulomb (SR)      Potential Pressure (bar)
    1.33161e+02   -8.60930e+02   -7.27769e+02    1.68866e+02

           Step           Time
            144      144.00000

   Energies (kJ/mol)
        LJ (SR)   Coulomb (SR)      Potential Pressure (bar)
    1.31406e+02   -8.59284e+02   -7.27878e+02    1.64708e+02

           Step           Time
            145      145.00000

   Energies (kJ/mol)
        LJ (SR)   Coulomb (SR)      Potential Pressure (bar)
    1.33401e+02   -8.61330e+02   -7.27929e+02    1.69338e+02

           Step           Time
            146      146.00000

           Step           Time
            147      147.00000

   Energies (kJ/mol)
        LJ (SR)   Coulomb (SR)      Potential Pressure (bar)
    1.31967e+02   -8.60105e+02   -7.28139e+02    1.65906e+02

           Step           Time
            148      148.00000

   Energies (kJ/mol)
        LJ (SR)   Coulomb (SR)      Potential Pressure (bar)
    1.33247e+02   -8.61529e+02   -7.28282e+02    1.68828e+02

           Step           Time
            149      149.00000

   Energies (kJ/mol)
        LJ (SR)   Coulomb (SR)      Potential Pressure (bar)
    1.31465e+02   -8.59857e+02   -7.28392e+02    1.64616e+02

           Step           Time
            150      150.00000

   Energies (kJ/mol)
        LJ (SR)   Coulomb (SR)      Potential Pressure (bar)
    1.33499e+02   -8.61930e+02   -7.28431e+02    1.69328e+02

           Step           Time
            151      151.00000

           Step           Time
            152      152.00000

   Energies (kJ/mol)
        LJ (SR)   Coulomb (SR)      Potential Pressure (bar)
    1.32031e+02   -8.60683e+02   -7.28652e+02    1.65821e+02

           Step           Time
            153      153.00000

   Energies (kJ/mol)
        LJ (SR)   Coulomb (SR)      Potential Pressure (bar)
    1.33329e+02   -8.62120e+02   -7.28792e+02    1.68779e+02

           Step           Time
            154      154.00000

   Energies (kJ/mol)
        LJ (SR)   Coulomb (SR)      Potential Pressure (bar)
    1.31519e+02   -8.60425e+02   -7.28905e+02    1.64515e+02

           Step           Time
            155      155.00000

   Energies (kJ/mol)
        LJ (SR)   Coulomb (SR)      Potential Pressure (bar)
    1.33594e+02   -8.62525e+02   -7.28931e+02    1.69313e+02

           Step           Time
            156      156.00000

           Step           Time
            157      157.00000

   Energies (kJ/mol)
        LJ (SR)   Coulomb (SR)      Potential Pressure (bar)
    1.32091e+02   -8.61255e+02   -7.29164e+02    1.65729e+02

           Step           Time
            158      158.00000

   Energies (kJ/mol)
        LJ (SR)   Coulomb (SR)      Potential Pressure (bar)
    1.33404e+02   -8.62706e+02   -7.29301e+02    1.68717e+02

           Step           Time
            159      159.00000

   Energies (kJ/mol)
        LJ (SR)   Coulomb (SR)      Potential Pressure (bar)
    1.31570e+02   -8.60987e+02   -7.29417e+02    1.64406e+02

           Step           Time
            160      160.00000

   Energies (kJ/mol)
        LJ (SR)   Coulomb (SR)      Potential Pressure (bar)
    1.33688e+02   -8.63117e+02   -7.29429e+02    1.69294e+02

           Step           Time
            161      161.00000

           Step           Time
            162      162.00000

   Energies (kJ/mol)
        LJ (SR)   Coulomb (SR)      Potential Pressure (bar)
    1.32148e+02   -8.61824e+02   -7.29676e+02    1.65629e+02

           Step           Time
            163      163.00000

   Energies (kJ/mol)
        LJ (SR)   Coulomb (SR)      Potential Pressure (bar)
    1.33475e+02   -8.63287e+02   -7.29812e+02    1.68642e+02

           Step           Time
            164      164.00000

   Energies (kJ/mol)
        LJ (SR)   Coulomb (SR)      Potential Pressure (bar)
    1.31618e+02   -8.61549e+02   -7.29931e+02    1.64291e+02

           Step           Time
            165      165.00000

           Step           Time
            166      166.00000

   Energies (kJ/mol)
        LJ (SR)   Coulomb (SR)      Potential Pressure (bar)
    1.32523e+02   -8.62616e+02   -7.30094e+02    1.66319e+02

           Step           Time
            167      167.00000

   Energies (kJ/mol)
        LJ (SR)   Coulomb (SR)      Potential Pressure (bar)
    1.31320e+02   -8.61550e+02   -7.30230e+02    1.63438e+02

           Step           Time
            168      168.00000

   Energies (kJ/mol)
        LJ (SR)   Coulomb (SR)      Potential Pressure (bar)
    1.32632e+02   -8.63154e+02   -7.30523e+02    1.66388e+02

           Step           Time
            169      169.00000

           Step           Time
            170      170.00000

   Energies (kJ/mol)
        LJ (SR)   Coulomb (SR)      Potential Pressure (bar)
    1.31656e+02   -8.62253e+02   -7.30598e+02    1.64059e+02

           Step           Time
            171      171.00000

   Energies (kJ/mol)
        LJ (SR)   Coulomb (SR)      Potential Pressure (bar)
    1.32601e+02   -8.63371e+02   -7.30770e+02    1.66203e+02

           Step           Time
            172      172.00000

   Energies (kJ/mol)
        LJ (SR)   Coulomb (SR)      Potential Pressure (bar)
    1.31324e+02   -8.62156e+02   -7.30832e+02    1.63174e+02

           Step           Time
            173      173.00000

   Energies (kJ/mol)
        LJ (SR)   Coulomb (SR)      Potential Pressure (bar)
    1.32535e+02   -8.63741e+02   -7.31206e+02    1.65856e+02

           Step           Time
            174      174.00000

   Energies (kJ/mol)
        LJ (SR)   Coulomb (SR)      Potential Pressure (bar)
    1.31514e+02   -8.63015e+02   -7.31501e+02    1.63306e+02

           Step           Time
            175      175.00000

   Energies (kJ/mol)
        LJ (SR)   Coulomb (SR)      Potential Pressure (bar)
    1.33568e+02   -8.65247e+02   -7.31678e+02    1.68031e+02

           Step           Time
            176      176.00000

           Step           Time
            177      177.00000

   Energies (kJ/mol)
        LJ (SR)   Coulomb (SR)      Potential Pressure (bar)
    1.32037e+02   -8.63877e+02   -7.31840e+02    1.64403e+02

           Step           Time
            178      178.00000

           Step           Time
            179      179.00000

   Energies (kJ/mol)
        LJ (SR)   Coulomb (SR)      Potential Pressure (bar)
    1.32727e+02   -8.64652e+02   -7.31925e+02    1.65970e+02

           Step           Time
            180      180.00000

   Energies (kJ/mol)
        LJ (SR)   Coulomb (SR)      Potential Pressure (bar)
    1.31756e+02   -8.63730e+02   -7.31974e+02    1.63705e+02

           Step           Time
            181      181.00000

   Energies (kJ/mol)
        LJ (SR)   Coulomb (SR)      Potential Pressure (bar)
    1.32691e+02   -8.64837e+02   -7.32147e+02    1.65793e+02

           Step           Time
            182      182.00000

           Step           Time
            183      183.00000

   Energies (kJ/mol)
        LJ (SR)   Coulomb (SR)      Potential Pressure (bar)
    1.31930e+02   -8.64173e+02   -7.32243e+02    1.63994e+02

           Step           Time
            184      184.00000

   Energies (kJ/mol)
        LJ (SR)   Coulomb (SR)      Potential Pressure (bar)
    1.32607e+02   -8.64967e+02   -7.32360e+02    1.65510e+02

           Step           Time
            185      185.00000

   Energies (kJ/mol)
        LJ (SR)   Coulomb (SR)      Potential Pressure (bar)
    1.32021e+02   -8.64608e+02   -7.32587e+02    1.64064e+02

           Step           Time
            186      186.00000

   Energies (kJ/mol)
        LJ (SR)   Coulomb (SR)      Potential Pressure (bar)
    1.33057e+02   -8.65731e+02   -7.32674e+02    1.66405e+02

           Step           Time
            187      187.00000

           Step           Time
            188      188.00000

   Energies (kJ/mol)
        LJ (SR)   Coulomb (SR)      Potential Pressure (bar)
    1.32291e+02   -8.65043e+02   -7.32752e+02    1.64613e+02

           Step           Time
            189      189.00000

   Energies (kJ/mol)
        LJ (SR)   Coulomb (SR)      Potential Pressure (bar)
    1.33016e+02   -8.65837e+02   -7.32821e+02    1.66245e+02

           Step           Time
            190      190.00000

   Energies (kJ/mol)
        LJ (SR)   Coulomb (SR)      Potential Pressure (bar)
    1.32008e+02   -8.64871e+02   -7.32863e+02    1.63915e+02

           Step           Time
            191      191.00000

   Energies (kJ/mol)
        LJ (SR)   Coulomb (SR)      Potential Pressure (bar)
    1.33050e+02   -8.66009e+02   -7.32959e+02    1.66254e+02

           Step           Time
            192      192.00000

           Step           Time
            193      193.00000

   Energies (kJ/mol)
        LJ (SR)   Coulomb (SR)      Potential Pressure (bar)
    1.32273e+02   -8.65308e+02   -7.33035e+02    1.64447e+02

           Step           Time
            194      194.00000

   Energies (kJ/mol)
        LJ (SR)   Coulomb (SR)      Potential Pressure (bar)
    1.33024e+02   -8.66123e+02   -7.33099e+02    1.66135e+02

           Step           Time
            195      195.00000

   Energies (kJ/mol)
        LJ (SR)   Coulomb (SR)      Potential Pressure (bar)
    1.32001e+02   -8.65137e+02   -7.33136e+02    1.63781e+02

           Step           Time
            196      196.00000

   Energies (kJ/mol)
        LJ (SR)   Coulomb (SR)      Potential Pressure (bar)
    1.33071e+02   -8.66306e+02   -7.33235e+02    1.66176e+02

           Step           Time
            197      197.00000

           Step           Time
            198      198.00000

   Energies (kJ/mol)
        LJ (SR)   Coulomb (SR)      Potential Pressure (bar)
    1.32276e+02   -8.65587e+02   -7.33310e+02    1.64334e+02

           Step           Time
            199      199.00000

   Energies (kJ/mol)
        LJ (SR)   Coulomb (SR)      Potential Pressure (bar)
    1.33054e+02   -8.66426e+02   -7.33372e+02    1.66079e+02

           Step           Time
            200      200.00000

   Energies (kJ/mol)
        LJ (SR)   Coulomb (SR)      Potential Pressure (bar)
    1.32009e+02   -8.65416e+02   -7.33407e+02    1.63683e+02

           Step           Time
            201      201.00000

   Energies (kJ/mol)
        LJ (SR)   Coulomb (SR)      Potential Pressure (bar)
    1.33115e+02   -8.66617e+02   -7.33502e+02    1.66156e+02

           Step           Time
            202      202.00000

           Step           Time
            203      203.00000

   Energies (kJ/mol)
        LJ (SR)   Coulomb (SR)      Potential Pressure (bar)
    1.32297e+02   -8.65879e+02   -7.33582e+02    1.64265e+02

           Step           Time
            204      204.00000

   Energies (kJ/mol)
        LJ (SR)   Coulomb (SR)      Potential Pressure (bar)
    1.33101e+02   -8.66741e+02   -7.33640e+02    1.66067e+02

           Step           Time
            205      205.00000

   Energies (kJ/mol)
        LJ (SR)   Coulomb (SR)      Potential Pressure (bar)
    1.32030e+02   -8.65708e+02   -7.33678e+02    1.63617e+02

           Step           Time
            206      206.00000

   Energies (kJ/mol)
        LJ (SR)   Coulomb (SR)      Potential Pressure (bar)
    1.33180e+02   -8.66942e+02   -7.33762e+02    1.66186e+02

           Step           Time
            207      207.00000

           Step           Time
            208      208.00000

   Energies (kJ/mol)
        LJ (SR)   Coulomb (SR)      Potential Pressure (bar)
    1.32335e+02   -8.66186e+02   -7.33851e+02    1.64234e+02

           Step           Time
            209      209.00000

   Energies (kJ/mol)
        LJ (SR)   Coulomb (SR)      Potential Pressure (bar)
    1.33164e+02   -8.67070e+02   -7.33906e+02    1.66089e+02

           Step           Time
            210      210.00000

   Energies (kJ/mol)
        LJ (SR)   Coulomb (SR)      Potential Pressure (bar)
    1.32062e+02   -8.66016e+02   -7.33954e+02    1.63575e+02

           Step           Time
            211      211.00000

   Energies (kJ/mol)
        LJ (SR)   Coulomb (SR)      Potential Pressure (bar)
    1.33263e+02   -8.67283e+02   -7.34020e+02    1.66256e+02

           Step           Time
            212      212.00000

           Step           Time
            213      213.00000

   Energies (kJ/mol)
        LJ (SR)   Coulomb (SR)      Potential Pressure (bar)
    1.32385e+02   -8.66509e+02   -7.34124e+02    1.64231e+02

           Step           Time
            214      214.00000

   Energies (kJ/mol)
        LJ (SR)   Coulomb (SR)      Potential Pressure (bar)
    1.33232e+02   -8.67413e+02   -7.34181e+02    1.66119e+02

           Step           Time
            215      215.00000

   Energies (kJ/mol)
        LJ (SR)   Coulomb (SR)      Potential Pressure (bar)
    1.32101e+02   -8.66342e+02   -7.34242e+02    1.63543e+02

           Step           Time
            216      216.00000

   Energies (kJ/mol)
        LJ (SR)   Coulomb (SR)      Potential Pressure (bar)
    1.33354e+02   -8.67641e+02   -7.34287e+02    1.66341e+02

           Step           Time
            217      217.00000

           Step           Time
            218      218.00000

   Energies (kJ/mol)
        LJ (SR)   Coulomb (SR)      Potential Pressure (bar)
    1.32442e+02   -8.66851e+02   -7.34409e+02    1.64238e+02

           Step           Time
            219      219.00000

   Energies (kJ/mol)
        LJ (SR)   Coulomb (SR)      Potential Pressure (bar)
    1.33288e+02   -8.67770e+02   -7.34481e+02    1.66114e+02

           Step           Time
            220      220.00000

   Energies (kJ/mol)
        LJ (SR)   Coulomb (SR)      Potential Pressure (bar)
    1.32138e+02   -8.66692e+02   -7.34555e+02    1.63500e+02

           Step           Time
            221      221.00000

   Energies (kJ/mol)
        LJ (SR)   Coulomb (SR)      Potential Pressure (bar)
    1.33441e+02   -8.68021e+02   -7.34580e+02    1.66406e+02

           Step           Time
            222      222.00000

           Step           Time
            223      223.00000

   Energies (kJ/mol)
        LJ (SR)   Coulomb (SR)      Potential Pressure (bar)
    1.32497e+02   -8.67218e+02   -7.34721e+02    1.64229e+02

           Step           Time
            224      224.00000

   Energies (kJ/mol)
        LJ (SR)   Coulomb (SR)      Potential Pressure (bar)
    1.33315e+02   -8.68142e+02   -7.34828e+02    1.66021e+02

           Step           Time
            225      225.00000

   Energies (kJ/mol)
        LJ (SR)   Coulomb (SR)      Potential Pressure (bar)
    1.32166e+02   -8.67076e+02   -7.34909e+02    1.63423e+02

           Step           Time
            226      226.00000

   Energies (kJ/mol)
        LJ (SR)   Coulomb (SR)      Potential Pressure (bar)
    1.33510e+02   -8.68428e+02   -7.34918e+02    1.66409e+02

           Step           Time
            227      227.00000

   Energies (kJ/mol)
        LJ (SR)   Coulomb (SR)      Potential Pressure (bar)
    1.31916e+02   -8.66841e+02   -7.34925e+02    1.62852e+02

           Step           Time
            228      228.00000

   Energies (kJ/mol)
        LJ (SR)   Coulomb (SR)      Potential Pressure (bar)
    1.33812e+02   -8.68771e+02   -7.34959e+02    1.67052e+02

           Step           Time
            229      229.00000

           Step           Time
            230      230.00000

   Energies (kJ/mol)
        LJ (SR)   Coulomb (SR)      Potential Pressure (bar)
    1.32387e+02   -8.67583e+02   -7.35197e+02    1.63763e+02

           Step           Time
            231      231.00000

           Step           Time
            232      232.00000

   Energies (kJ/mol)
        LJ (SR)   Coulomb (SR)      Potential Pressure (bar)
    1.32993e+02   -8.68247e+02   -7.35254e+02    1.65097e+02

           Step           Time
            233      233.00000

   Energies (kJ/mol)
        LJ (SR)   Coulomb (SR)      Potential Pressure (bar)
    1.32181e+02   -8.67484e+02   -7.35303e+02    1.63277e+02

           Step           Time
            234      234.00000

   Energies (kJ/mol)
        LJ (SR)   Coulomb (SR)      Potential Pressure (bar)
    1.33121e+02   -8.68484e+02   -7.35363e+02    1.65340e+02

           Step           Time
            235      235.00000

           Step           Time
            236      236.00000

   Energies (kJ/mol)
        LJ (SR)   Coulomb (SR)      Potential Pressure (bar)
    1.32456e+02   -8.67903e+02   -7.35447e+02    1.63828e+02

           Step           Time
            237      237.00000

   Energies (kJ/mol)
        LJ (SR)   Coulomb (SR)      Potential Pressure (bar)
    1.33115e+02   -8.68635e+02   -7.35520e+02    1.65270e+02

           Step           Time
            238      238.00000

   Energies (kJ/mol)
        LJ (SR)   Coulomb (SR)      Potential Pressure (bar)
    1.32249e+02   -8.67831e+02   -7.35582e+02    1.63324e+02

           Step           Time
            239      239.00000

   Energies (kJ/mol)
        LJ (SR)   Coulomb (SR)      Potential Pressure (bar)
    1.33237e+02   -8.68860e+02   -7.35623e+02    1.65499e+02

           Step           Time
            240      240.00000

   Energies (kJ/mol)
        LJ (SR)   Coulomb (SR)      Potential Pressure (bar)
    1.32050e+02   -8.67685e+02   -7.35635e+02    1.62864e+02

           Step           Time
            241      241.00000

   Energies (kJ/mol)
        LJ (SR)   Coulomb (SR)      Potential Pressure (bar)
    1.33446e+02   -8.69147e+02   -7.35701e+02    1.65924e+02

           Step           Time
            242      242.00000

           Step           Time
            243      243.00000

   Energies (kJ/mol)
        LJ (SR)   Coulomb (SR)      Potential Pressure (bar)
    1.32429e+02   -8.68273e+02   -7.35844e+02    1.63602e+02

           Step           Time
            244      244.00000

   Energies (kJ/mol)
        LJ (SR)   Coulomb (SR)      Potential Pressure (bar)
    1.33465e+02   -8.69315e+02   -7.35850e+02    1.65907e+02

           Step           Time
            245      245.00000

   Energies (kJ/mol)
        LJ (SR)   Coulomb (SR)      Potential Pressure (bar)
    1.32180e+02   -8.68144e+02   -7.35964e+02    1.63014e+02

           Step           Time
            246      246.00000

           Step           Time
            247      247.00000

   Energies (kJ/mol)
        LJ (SR)   Coulomb (SR)      Potential Pressure (bar)
    1.32811e+02   -8.68877e+02   -7.36066e+02    1.64358e+02

           Step           Time
            248      248.00000

   Energies (kJ/mol)
        LJ (SR)   Coulomb (SR)      Potential Pressure (bar)
    1.31996e+02   -8.68071e+02   -7.36074e+02    1.62577e+02

           Step           Time
            249      249.00000

   Energies (kJ/mol)
        LJ (SR)   Coulomb (SR)      Potential Pressure (bar)
    1.32910e+02   -8.69161e+02   -7.36251e+02    1.64508e+02

           Step           Time
            250      250.00000

           Step           Time
            251      251.00000

   Energies (kJ/mol)
        LJ (SR)   Coulomb (SR)      Potential Pressure (bar)
    1.32257e+02   -8.68554e+02   -7.36297e+02    1.63047e+02

           Step           Time
            252      252.00000

   Energies (kJ/mol)
        LJ (SR)   Coulomb (SR)      Potential Pressure (bar)
    1.32979e+02   -8.69347e+02   -7.36368e+02    1.64615e+02

           Step           Time
            253      253.00000

   Energies (kJ/mol)
        LJ (SR)   Coulomb (SR)      Potential Pressure (bar)
    1.32119e+02   -8.68491e+02   -7.36373e+02    1.62720e+02

           Step           Time
            254      254.00000

   Energies (kJ/mol)
        LJ (SR)   Coulomb (SR)      Potential Pressure (bar)
    1.33120e+02   -8.69602e+02   -7.36481e+02    1.64881e+02

           Step           Time
            255      255.00000

           Step           Time
            256      256.00000

   Energies (kJ/mol)
        LJ (SR)   Coulomb (SR)      Potential Pressure (bar)
    1.32412e+02   -8.68970e+02   -7.36557e+02    1.63283e+02

           Step           Time
            257      257.00000

   Energies (kJ/mol)
        LJ (SR)   Coulomb (SR)      Potential Pressure (bar)
    1.33179e+02   -8.69773e+02   -7.36594e+02    1.64966e+02

           Step           Time
            258      258.00000

   Energies (kJ/mol)
        LJ (SR)   Coulomb (SR)      Potential Pressure (bar)
    1.32251e+02   -8.68903e+02   -7.36653e+02    1.62897e+02

           Step           Time
            259      259.00000

   Energies (kJ/mol)
        LJ (SR)   Coulomb (SR)      Potential Pressure (bar)
    1.33351e+02   -8.70026e+02   -7.36675e+02    1.65309e+02

           Step           Time
            260      260.00000

   Energies (kJ/mol)
        LJ (SR)   Coulomb (SR)      Potential Pressure (bar)
    1.32080e+02   -8.68767e+02   -7.36687e+02    1.62512e+02

           Step           Time
            261      261.00000

   Energies (kJ/mol)
        LJ (SR)   Coulomb (SR)      Potential Pressure (bar)
    1.33640e+02   -8.70349e+02   -7.36709e+02    1.65926e+02

           Step           Time
            262      262.00000

           Step           Time
            263      263.00000

   Energies (kJ/mol)
        LJ (SR)   Coulomb (SR)      Potential Pressure (bar)
    1.32492e+02   -8.69421e+02   -7.36930e+02    1.63291e+02

           Step           Time
            264      264.00000

           Step           Time
            265      265.00000

   Energies (kJ/mol)
        LJ (SR)   Coulomb (SR)      Potential Pressure (bar)
    1.32978e+02   -8.69973e+02   -7.36995e+02    1.64340e+02

           Step           Time
            266      266.00000

   Energies (kJ/mol)
        LJ (SR)   Coulomb (SR)      Potential Pressure (bar)
    1.32340e+02   -8.69396e+02   -7.37056e+02    1.62927e+02

           Step           Time
            267      267.00000

   Energies (kJ/mol)
        LJ (SR)   Coulomb (SR)      Potential Pressure (bar)
    1.33131e+02   -8.70226e+02   -7.37095e+02    1.64641e+02

           Step           Time
            268      268.00000

   Energies (kJ/mol)
        LJ (SR)   Coulomb (SR)      Potential Pressure (bar)
    1.32208e+02   -8.69340e+02   -7.37132e+02    1.62615e+02

           Step           Time
            269      269.00000

   Energies (kJ/mol)
        LJ (SR)   Coulomb (SR)      Potential Pressure (bar)
    1.33336e+02   -8.70505e+02   -7.37169e+02    1.65063e+02

           Step           Time
            270      270.00000

           Step           Time
            271      271.00000

   Energies (kJ/mol)
        LJ (SR)   Coulomb (SR)      Potential Pressure (bar)
    1.32536e+02   -8.69843e+02   -7.37307e+02    1.63248e+02

           Step           Time
            272      272.00000

   Energies (kJ/mol)
        LJ (SR)   Coulomb (SR)      Potential Pressure (bar)
    1.33329e+02   -8.70713e+02   -7.37384e+02    1.64972e+02

           Step           Time
            273      273.00000

   Energies (kJ/mol)
        LJ (SR)   Coulomb (SR)      Potential Pressure (bar)
    1.32328e+02   -8.69832e+02   -7.37504e+02    1.62733e+02

           Step           Time
            274      274.00000

           Step           Time
            275      275.00000

   Energies (kJ/mol)
        LJ (SR)   Coulomb (SR)      Potential Pressure (bar)
    1.32850e+02   -8.70429e+02   -7.37579e+02    1.63834e+02

           Step           Time
            276      276.00000

   Energies (kJ/mol)
        LJ (SR)   Coulomb (SR)      Potential Pressure (bar)
    1.32223e+02   -8.69832e+02   -7.37609e+02    1.62473e+02

           Step           Time
            277      277.00000

   Energies (kJ/mol)
        LJ (SR)   Coulomb (SR)      Potential Pressure (bar)
    1.32979e+02   -8.70693e+02   -7.37714e+02    1.64067e+02

           Step           Time
            278      278.00000

           Step           Time
            279      279.00000

   Energies (kJ/mol)
        LJ (SR)   Coulomb (SR)      Potential Pressure (bar)
    1.32457e+02   -8.70232e+02   -7.37775e+02    1.62903e+02

           Step           Time
            280      280.00000

   Energies (kJ/mol)
        LJ (SR)   Coulomb (SR)      Potential Pressure (bar)
    1.33049e+02   -8.70873e+02   -7.37824e+02    1.64181e+02

           Step           Time
            281      281.00000

   Energies (kJ/mol)
        LJ (SR)   Coulomb (SR)      Potential Pressure (bar)
    1.32344e+02   -8.70223e+02   -7.37879e+02    1.62623e+02

           Step           Time
            282      282.00000

   Energies (kJ/mol)
        LJ (SR)   Coulomb (SR)      Potential Pressure (bar)
    1.33195e+02   -8.71108e+02   -7.37913e+02    1.64464e+02

           Step           Time
            283      283.00000

   Energies (kJ/mol)
        LJ (SR)   Coulomb (SR)      Potential Pressure (bar)
    1.32214e+02   -8.70158e+02   -7.37944e+02    1.62320e+02

           Step           Time
            284      284.00000

   Energies (kJ/mol)
        LJ (SR)   Coulomb (SR)      Potential Pressure (bar)
    1.33430e+02   -8.71395e+02   -7.37965e+02    1.64954e+02

           Step           Time
            285      285.00000

           Step           Time
            286      286.00000

   Energies (kJ/mol)
        LJ (SR)   Coulomb (SR)      Potential Pressure (bar)
    1.32555e+02   -8.70698e+02   -7.38143e+02    1.62960e+02

           Step           Time
            287      287.00000

   Energies (kJ/mol)
        LJ (SR)   Coulomb (SR)      Potential Pressure (bar)
    1.33410e+02   -8.71631e+02   -7.38221e+02    1.64815e+02

           Step           Time
            288      288.00000

   Energies (kJ/mol)
        LJ (SR)   Coulomb (SR)      Potential Pressure (bar)
    1.32329e+02   -8.70716e+02   -7.38387e+02    1.62393e+02

           Step           Time
            289      289.00000

           Step           Time
            290      290.00000

   Energies (kJ/mol)
        LJ (SR)   Coulomb (SR)      Potential Pressure (bar)
    1.32904e+02   -8.71364e+02   -7.38460e+02    1.63602e+02

           Step           Time
            291      291.00000

   Energies (kJ/mol)
        LJ (SR)   Coulomb (SR)      Potential Pressure (bar)
    1.32238e+02   -8.70715e+02   -7.38478e+02    1.62169e+02

           Step           Time
            292      292.00000

   Energies (kJ/mol)
        LJ (SR)   Coulomb (SR)      Potential Pressure (bar)
    1.33064e+02   -8.71632e+02   -7.38568e+02    1.63913e+02

           Step           Time
            293      293.00000

           Step           Time
            294      294.00000

   Energies (kJ/mol)
        LJ (SR)   Coulomb (SR)      Potential Pressure (bar)
    1.32487e+02   -8.71138e+02   -7.38650e+02    1.62625e+02

           Step           Time
            295      295.00000

   Energies (kJ/mol)
        LJ (SR)   Coulomb (SR)      Potential Pressure (bar)
    1.33144e+02   -8.71838e+02   -7.38694e+02    1.64043e+02

           Step           Time
            296      296.00000

   Energies (kJ/mol)
        LJ (SR)   Coulomb (SR)      Potential Pressure (bar)
    1.32364e+02   -8.71144e+02   -7.38780e+02    1.62316e+02

           Step           Time
            297      297.00000

           Step           Time
            298      298.00000

   Energies (kJ/mol)
        LJ (SR)   Coulomb (SR)      Potential Pressure (bar)
    1.32767e+02   -8.71620e+02   -7.38853e+02    1.63154e+02

           Step           Time
            299      299.00000

   Energies (kJ/mol)
        LJ (SR)   Coulomb (SR)      Potential Pressure (bar)
    1.32293e+02   -8.71210e+02   -7.38917e+02    1.62120e+02

           Step           Time
            300      300.00000

   Energies (kJ/mol)
        LJ (SR)   Coulomb (SR)      Potential Pressure (bar)
    1.32887e+02   -8.71894e+02   -7.39007e+02    1.63359e+02

           Step           Time
            301      301.00000

   Energies (kJ/mol)
        LJ (SR)   Coulomb (SR)      Potential Pressure (bar)
    1.32220e+02   -8.71229e+02   -7.39009e+02    1.61932e+02

           Step           Time
            302      302.00000

   Energies (kJ/mol)
        LJ (SR)   Coulomb (SR)      Potential Pressure (bar)
    1.33063e+02   -8.72179e+02   -7.39116e+02    1.63700e+02

           Step           Time
            303      303.00000

           Step           Time
            304      304.00000

   Energies (kJ/mol)
        LJ (SR)   Coulomb (SR)      Potential Pressure (bar)
    1.32471e+02   -8.71679e+02   -7.39207e+02    1.62375e+02

           Step           Time
            305      305.00000

   Energies (kJ/mol)
        LJ (SR)   Coulomb (SR)      Potential Pressure (bar)
    1.33171e+02   -8.72406e+02   -7.39235e+02    1.63895e+02

           Step           Time
            306      306.00000

   Energies (kJ/mol)
        LJ (SR)   Coulomb (SR)      Potential Pressure (bar)
    1.32354e+02   -8.71694e+02   -7.39339e+02    1.62078e+02

           Step           Time
            307      307.00000

           Step           Time
            308      308.00000

   Energies (kJ/mol)
        LJ (SR)   Coulomb (SR)      Potential Pressure (bar)
    1.32777e+02   -8.72191e+02   -7.39414e+02    1.62957e+02

           Step           Time
            309      309.00000

   Energies (kJ/mol)
        LJ (SR)   Coulomb (SR)      Potential Pressure (bar)
    1.32289e+02   -8.71752e+02   -7.39463e+02    1.61898e+02

           Step           Time
            310      310.00000

   Energies (kJ/mol)
        LJ (SR)   Coulomb (SR)      Potential Pressure (bar)
    1.32911e+02   -8.72460e+02   -7.39549e+02    1.63201e+02

           Step           Time
            311      311.00000

           Step           Time
            312      312.00000

   Energies (kJ/mol)
        LJ (SR)   Coulomb (SR)      Potential Pressure (bar)
    1.32495e+02   -8.72114e+02   -7.39619e+02    1.62272e+02

           Step           Time
            313      313.00000

   Energies (kJ/mol)
        LJ (SR)   Coulomb (SR)      Potential Pressure (bar)
    1.32994e+02   -8.72679e+02   -7.39685e+02    1.63335e+02

           Step           Time
            314      314.00000

   Energies (kJ/mol)
        LJ (SR)   Coulomb (SR)      Potential Pressure (bar)
    1.32409e+02   -8.72173e+02   -7.39764e+02    1.62036e+02

           Step           Time
            315      315.00000

   Energies (kJ/mol)
        LJ (SR)   Coulomb (SR)      Potential Pressure (bar)
    1.33140e+02   -8.72926e+02   -7.39785e+02    1.63618e+02

           Step           Time
            316      316.00000

   Energies (kJ/mol)
        LJ (SR)   Coulomb (SR)      Potential Pressure (bar)
    1.32300e+02   -8.72172e+02   -7.39872e+02    1.61762e+02

           Step           Time
            317      317.00000

           Step           Time
            318      318.00000

   Energies (kJ/mol)
        LJ (SR)   Coulomb (SR)      Potential Pressure (bar)
    1.32723e+02   -8.72690e+02   -7.39967e+02    1.60394e+02

           Step           Time
            319      319.00000

   Energies (kJ/mol)
        LJ (SR)   Coulomb (SR)      Potential Pressure (bar)
    1.32517e+02   -8.72545e+02   -7.40028e+02    1.59921e+02

           Step           Time
            320      320.00000

   Energies (kJ/mol)
        LJ (SR)   Coulomb (SR)      Potential Pressure (bar)
    1.32695e+02   -8.72753e+02   -7.40058e+02    1.60318e+02

           Step           Time
            321      321.00000

   Energies (kJ/mol)
        LJ (SR)   Coulomb (SR)      Potential Pressure (bar)
    1.32524e+02   -8.72602e+02   -7.40078e+02    1.59974e+02

           Step           Time
            322      322.00000

   Energies (kJ/mol)
        LJ (SR)   Coulomb (SR)      Potential Pressure (bar)
    1.32906e+02   -8.72987e+02   -7.40080e+02    1.60845e+02

           Step           Time
            323      323.00000

           Step           Time
            324      324.00000

           Step           Time
            325      325.00000

           Step           Time
            326      326.00000

           Step           Time
            327      327.00000

           Step           Time
            328      328.00000

           Step           Time
            329      329.00000

           Step           Time
            330      330.00000

           Step           Time
            331      331.00000

           Step           Time
            332      332.00000

           Step           Time
            333      333.00000

           Step           Time
            334      334.00000


Energy minimization has stopped, but the forces have not converged to the
requested precision Fmax < 1 (which may not be possible for your system). It
stopped because the algorithm tried to make a new step whose size was too
small, or there was no change in the energy since last step. Either way, we
regard the minimization as converged to within the available machine
precision, given your starting configuration and EM parameters.

Double precision normally gives you higher accuracy, but this is often not
needed for preparing to run molecular dynamics.
You might need to increase your constraint accuracy, or turn
off constraints altogether (set constraints = none in mdp file)

Steepest Descents did not converge to Fmax < 1 in 335 steps.
Potential Energy  = -7.4008020e+02
Maximum force     =  6.7263748e+01 on atom 31
Norm of force     =  1.3616829e+01

    D O M A I N   D E C O M P O S I T I O N   S T A T I S T I C S

 av. #atoms communicated per step for force:  2 x 354.2
 av. #atoms communicated per step for LINCS:  2 x 13.0

Finished mdrun on rank 0 Fri Jul 12 03:07:06 2024

